2023-04-22 20:29:20,584 INFO  [restartedMain] com.libbioproject.LibbioProjectApplication:Starting LibbioProjectApplication using Java 18.0.2.1 on DESKTOP-VIOUB0N with PID 15152 (C:\Users\Admin\IdeaProjects\backend_projects\LibbioProject\target\classes started by Admin in C:\Users\Admin\IdeaProjects\backend_projects\LibbioProject)
2023-04-22 20:29:20,592 INFO  [restartedMain] com.libbioproject.LibbioProjectApplication:No active profile set, falling back to 1 default profile: "default"
2023-04-22 20:29:20,672 INFO  [restartedMain] org.springframework.boot.devtools.env.DevToolsPropertyDefaultsPostProcessor:Devtools property defaults active! Set 'spring.devtools.add-properties' to 'false' to disable
2023-04-22 20:29:20,672 INFO  [restartedMain] org.springframework.boot.devtools.env.DevToolsPropertyDefaultsPostProcessor:For additional web related logging consider setting the 'logging.level.web' property to 'DEBUG'
2023-04-22 20:29:22,355 INFO  [restartedMain] org.springframework.data.repository.config.RepositoryConfigurationDelegate:Bootstrapping Spring Data JPA repositories in DEFAULT mode.
2023-04-22 20:29:22,471 INFO  [restartedMain] org.springframework.data.repository.config.RepositoryConfigurationDelegate:Finished Spring Data repository scanning in 103 ms. Found 7 JPA repository interfaces.
2023-04-22 20:29:23,524 INFO  [restartedMain] org.springframework.boot.web.embedded.tomcat.TomcatWebServer:Tomcat initialized with port(s): 8080 (http)
2023-04-22 20:29:23,538 INFO  [restartedMain] org.apache.catalina.core.StandardService:Starting service [Tomcat]
2023-04-22 20:29:23,538 INFO  [restartedMain] org.apache.catalina.core.StandardEngine:Starting Servlet engine: [Apache Tomcat/9.0.65]
2023-04-22 20:29:23,860 INFO  [restartedMain] org.apache.catalina.core.ContainerBase.[Tomcat].[localhost].[/]:Initializing Spring embedded WebApplicationContext
2023-04-22 20:29:23,861 INFO  [restartedMain] org.springframework.boot.web.servlet.context.ServletWebServerApplicationContext:Root WebApplicationContext: initialization completed in 3187 ms
2023-04-22 20:29:24,318 INFO  [restartedMain] org.hibernate.jpa.internal.util.LogHelper:HHH000204: Processing PersistenceUnitInfo [name: default]
2023-04-22 20:29:24,439 INFO  [restartedMain] org.hibernate.Version:HHH000412: Hibernate ORM core version 5.6.11.Final
2023-04-22 20:29:24,653 INFO  [restartedMain] org.hibernate.annotations.common.Version:HCANN000001: Hibernate Commons Annotations {5.1.2.Final}
2023-04-22 20:29:24,790 INFO  [restartedMain] com.zaxxer.hikari.HikariDataSource:HikariPool-1 - Starting...
2023-04-22 20:29:25,073 INFO  [restartedMain] com.zaxxer.hikari.HikariDataSource:HikariPool-1 - Start completed.
2023-04-22 20:29:25,095 INFO  [restartedMain] org.hibernate.dialect.Dialect:HHH000400: Using dialect: org.hibernate.dialect.PostgreSQL9Dialect
2023-04-22 20:29:26,419 INFO  [restartedMain] org.hibernate.engine.transaction.jta.platform.internal.JtaPlatformInitiator:HHH000490: Using JtaPlatform implementation: [org.hibernate.engine.transaction.jta.platform.internal.NoJtaPlatform]
2023-04-22 20:29:26,427 INFO  [restartedMain] org.springframework.orm.jpa.LocalContainerEntityManagerFactoryBean:Initialized JPA EntityManagerFactory for persistence unit 'default'
2023-04-22 20:29:27,310 INFO  [restartedMain] org.springframework.security.web.DefaultSecurityFilterChain:Will secure any request with [org.springframework.security.web.session.DisableEncodeUrlFilter@4589881a, org.springframework.security.web.context.request.async.WebAsyncManagerIntegrationFilter@3be64257, org.springframework.security.web.context.SecurityContextPersistenceFilter@5284d83c, org.springframework.security.web.header.HeaderWriterFilter@7488fcf4, org.springframework.security.web.authentication.logout.LogoutFilter@459fa30, com.libbioproject.security.jwt.AuthTokenFilter@3e0d7c64, org.springframework.security.web.savedrequest.RequestCacheAwareFilter@582521ff, org.springframework.security.web.servletapi.SecurityContextHolderAwareRequestFilter@34fcc02b, org.springframework.security.web.authentication.AnonymousAuthenticationFilter@74af9923, org.springframework.security.web.session.SessionManagementFilter@708ffa01, org.springframework.security.web.access.ExceptionTranslationFilter@5b664825, org.springframework.security.web.access.intercept.FilterSecurityInterceptor@1fcc2baf]
2023-04-22 20:29:27,484 WARN  [restartedMain] org.springframework.boot.autoconfigure.orm.jpa.JpaBaseConfiguration$JpaWebConfiguration:spring.jpa.open-in-view is enabled by default. Therefore, database queries may be performed during view rendering. Explicitly configure spring.jpa.open-in-view to disable this warning
2023-04-22 20:29:28,790 WARN  [restartedMain] org.springframework.security.config.annotation.web.builders.WebSecurity:You are asking Spring Security to ignore Ant [pattern='/v3/api-docs/**']. This is not recommended -- please use permitAll via HttpSecurity#authorizeHttpRequests instead.
2023-04-22 20:29:28,790 INFO  [restartedMain] org.springframework.security.web.DefaultSecurityFilterChain:Will not secure Ant [pattern='/v3/api-docs/**']
2023-04-22 20:29:28,790 WARN  [restartedMain] org.springframework.security.config.annotation.web.builders.WebSecurity:You are asking Spring Security to ignore Ant [pattern='swagger-ui.html']. This is not recommended -- please use permitAll via HttpSecurity#authorizeHttpRequests instead.
2023-04-22 20:29:28,790 INFO  [restartedMain] org.springframework.security.web.DefaultSecurityFilterChain:Will not secure Ant [pattern='swagger-ui.html']
2023-04-22 20:29:28,790 WARN  [restartedMain] org.springframework.security.config.annotation.web.builders.WebSecurity:You are asking Spring Security to ignore Ant [pattern='/swagger-ui/**']. This is not recommended -- please use permitAll via HttpSecurity#authorizeHttpRequests instead.
2023-04-22 20:29:28,790 INFO  [restartedMain] org.springframework.security.web.DefaultSecurityFilterChain:Will not secure Ant [pattern='/swagger-ui/**']
2023-04-22 20:29:28,791 WARN  [restartedMain] org.springframework.security.config.annotation.web.builders.WebSecurity:You are asking Spring Security to ignore Ant [pattern='/']. This is not recommended -- please use permitAll via HttpSecurity#authorizeHttpRequests instead.
2023-04-22 20:29:28,791 INFO  [restartedMain] org.springframework.security.web.DefaultSecurityFilterChain:Will not secure Ant [pattern='/']
2023-04-22 20:29:28,791 WARN  [restartedMain] org.springframework.security.config.annotation.web.builders.WebSecurity:You are asking Spring Security to ignore Ant [pattern='index.html']. This is not recommended -- please use permitAll via HttpSecurity#authorizeHttpRequests instead.
2023-04-22 20:29:28,791 INFO  [restartedMain] org.springframework.security.web.DefaultSecurityFilterChain:Will not secure Ant [pattern='index.html']
2023-04-22 20:29:28,791 WARN  [restartedMain] org.springframework.security.config.annotation.web.builders.WebSecurity:You are asking Spring Security to ignore Ant [pattern='/images/**']. This is not recommended -- please use permitAll via HttpSecurity#authorizeHttpRequests instead.
2023-04-22 20:29:28,791 INFO  [restartedMain] org.springframework.security.web.DefaultSecurityFilterChain:Will not secure Ant [pattern='/images/**']
2023-04-22 20:29:28,792 WARN  [restartedMain] org.springframework.security.config.annotation.web.builders.WebSecurity:You are asking Spring Security to ignore Ant [pattern='/css/**']. This is not recommended -- please use permitAll via HttpSecurity#authorizeHttpRequests instead.
2023-04-22 20:29:28,792 INFO  [restartedMain] org.springframework.security.web.DefaultSecurityFilterChain:Will not secure Ant [pattern='/css/**']
2023-04-22 20:29:28,792 WARN  [restartedMain] org.springframework.security.config.annotation.web.builders.WebSecurity:You are asking Spring Security to ignore Ant [pattern='/js/**']. This is not recommended -- please use permitAll via HttpSecurity#authorizeHttpRequests instead.
2023-04-22 20:29:28,792 INFO  [restartedMain] org.springframework.security.web.DefaultSecurityFilterChain:Will not secure Ant [pattern='/js/**']
2023-04-22 20:29:28,840 INFO  [restartedMain] org.springframework.boot.devtools.autoconfigure.OptionalLiveReloadServer:LiveReload server is running on port 35729
2023-04-22 20:29:28,847 INFO  [restartedMain] org.springframework.boot.actuate.endpoint.web.EndpointLinksResolver:Exposing 15 endpoint(s) beneath base path '/actuator'
2023-04-22 20:29:28,905 INFO  [restartedMain] org.springframework.boot.web.embedded.tomcat.TomcatWebServer:Tomcat started on port(s): 8080 (http) with context path ''
2023-04-22 20:29:28,919 INFO  [restartedMain] com.libbioproject.LibbioProjectApplication:Started LibbioProjectApplication in 9.03 seconds (JVM running for 10.163)
2023-04-22 20:30:03,297 INFO  [http-nio-8080-exec-3] org.apache.catalina.core.ContainerBase.[Tomcat].[localhost].[/]:Initializing Spring DispatcherServlet 'dispatcherServlet'
2023-04-22 20:30:03,403 ERROR [http-nio-8080-exec-3] com.libbioproject.security.jwt.JwtUtils:Jwt token validation error : JWT expired at 2023-04-19T22:13:08Z. Current time: 2023-04-22T20:30:03Z, a difference of 253015402 milliseconds.  Allowed clock skew: 0 milliseconds.!
2023-04-22 20:30:15,400 INFO  [SpringApplicationShutdownHook] org.springframework.orm.jpa.LocalContainerEntityManagerFactoryBean:Closing JPA EntityManagerFactory for persistence unit 'default'
2023-04-22 20:30:15,406 INFO  [SpringApplicationShutdownHook] com.zaxxer.hikari.HikariDataSource:HikariPool-1 - Shutdown initiated...
2023-04-22 20:30:15,411 INFO  [SpringApplicationShutdownHook] com.zaxxer.hikari.HikariDataSource:HikariPool-1 - Shutdown completed.
